[GIN-debug] 
[INFO]: 2023/09/08 14:00:00 POST /api/lottery/Addlottery ({"code":200,"success":true,"data":{"id":52,"userid":100,"username":"admin","status":0,"whatprize":"","label":"test"},"msg":"OK"})
[GIN-debug] 
[INFO]: 2023/09/08 14:00:21 POST /api/lottery/Addlottery ({"code":500,"success":false,"data":"userid重复，请重新生成","msg":"FAIL"})
[GIN-debug] GET    /static/*filepath         --> github.com/gin-gonic/gin.(*RouterGroup).createStaticHandler.func1 (5 handlers)
[GIN-debug] HEAD   /static/*filepath         --> github.com/gin-gonic/gin.(*RouterGroup).createStaticHandler.func1 (5 handlers)
[GIN-debug] GET    /ping                     --> gin-onter/router.InitRouter.func1 (5 handlers)
[GIN-debug] POST   /api/lottery/Addlottery   --> gin-onter/api/lottery.Addlottery (5 handlers)
[GIN-debug] POST   /api/lottery/Editlottery  --> gin-onter/api/lottery.Editlottery (5 handlers)
[INFO]: 2023/09/08 14:01:16 POST /api/lottery/Addlottery ({"code":500,"success":false,"data":"userid重复，请重新生成","msg":"FAIL"})
[INFO]: 2023/09/08 14:01:26 POST /api/lottery/Addlottery ({"code":200,"success":true,"data":{"id":53,"userid":101,"username":"admin","status":0,"whatprize":"","label":"test"},"msg":"OK"})
[GIN-debug] GET    /static/*filepath         --> github.com/gin-gonic/gin.(*RouterGroup).createStaticHandler.func1 (5 handlers)
[GIN-debug] HEAD   /static/*filepath         --> github.com/gin-gonic/gin.(*RouterGroup).createStaticHandler.func1 (5 handlers)
[GIN-debug] GET    /ping                     --> gin-onter/router.InitRouter.func1 (5 handlers)
[GIN-debug] POST   /api/lottery/Addlottery   --> gin-onter/api/lottery.Addlottery (5 handlers)
[GIN-debug] POST   /api/lottery/Editlottery  --> gin-onter/api/lottery.Editlottery (5 handlers)
[GIN-debug] POST   /api/lottery/Getlottery   --> gin-onter/api/lottery.Getlottery (5 handlers)
[INFO]: 2023/09/08 14:22:25 POST /api/lottery/Getlottery ({"code":200,"success":true,"data":{"id":53,"userid":101,"username":"admin","status":0,"whatprize":"","label":"test"},"msg":"OK"})
[INFO]: 2023/09/08 14:23:13 POST /api/lottery/Getlottery ({"code":200,"success":true,"data":{"id":53,"userid":101,"username":"admin","status":0,"whatprize":"","label":"test"},"msg":"OK"})
[GIN-debug] GET    /static/*filepath         --> github.com/gin-gonic/gin.(*RouterGroup).createStaticHandler.func1 (5 handlers)
[GIN-debug] HEAD   /static/*filepath         --> github.com/gin-gonic/gin.(*RouterGroup).createStaticHandler.func1 (5 handlers)
[GIN-debug] GET    /ping                     --> gin-onter/router.InitRouter.func1 (5 handlers)
[GIN-debug] POST   /api/lottery/Addlottery   --> gin-onter/api/lottery.Addlottery (5 handlers)
[GIN-debug] POST   /api/lottery/Editlottery  --> gin-onter/api/lottery.Editlottery (5 handlers)
[GIN-debug] POST   /api/lottery/Getlottery   --> gin-onter/api/lottery.Getlottery (5 handlers)
[INFO]: 2023/09/08 14:25:07 POST /api/lottery/Getlottery ({"code":200,"success":true,"data":[{"id":1,"userid":1001,"username":"admin1","status":0,"whatprize":"","label":"test"},{"id":52,"userid":100,"username":"admin","status":0,"whatprize":"","label":"test"},{"id":53,"userid":101,"username":"admin","status":0,"whatprize":"","label":"test"}],"msg":"OK"})
[GIN-debug] GET    /static/*filepath         --> github.com/gin-gonic/gin.(*RouterGroup).createStaticHandler.func1 (5 handlers)
[GIN-debug] HEAD   /static/*filepath         --> github.com/gin-gonic/gin.(*RouterGroup).createStaticHandler.func1 (5 handlers)
[GIN-debug] GET    /ping                     --> gin-onter/router.InitRouter.func1 (5 handlers)
[GIN-debug] POST   /api/lottery/Addlottery   --> gin-onter/api/lottery.Addlottery (5 handlers)
[GIN-debug] POST   /api/lottery/Editlottery  --> gin-onter/api/lottery.Editlottery (5 handlers)
[GIN-debug] POST   /api/lottery/Getlottery   --> gin-onter/api/lottery.Getlottery (5 handlers)
[GIN-debug] POST   /api/lottery/Dellottery   --> gin-onter/api/lottery.Dellottery (5 handlers)
[INFO]: 2023/09/08 14:34:24 POST /api/lottery/Dellottery ({"code":200,"success":true,"data":{},"msg":"OK"})
[GIN-debug] GET    /static/*filepath         --> github.com/gin-gonic/gin.(*RouterGroup).createStaticHandler.func1 (5 handlers)
[GIN-debug] HEAD   /static/*filepath         --> github.com/gin-gonic/gin.(*RouterGroup).createStaticHandler.func1 (5 handlers)
[GIN-debug] GET    /ping                     --> gin-onter/router.InitRouter.func1 (5 handlers)
[GIN-debug] POST   /api/lottery/Addlottery   --> gin-onter/api/lottery.Addlottery (5 handlers)
[GIN-debug] POST   /api/lottery/Editlottery  --> gin-onter/api/lottery.Editlottery (5 handlers)
[GIN-debug] POST   /api/lottery/Getlottery   --> gin-onter/api/lottery.Getlottery (5 handlers)
[GIN-debug] POST   /api/lottery/Dellottery   --> gin-onter/api/lottery.Dellottery (5 handlers)
[INFO]: 2023/09/08 14:36:10 POST /api/lottery/Dellottery ({"code":200,"success":true,"data":null,"msg":"OK"})
[GIN-debug] GET    /static/*filepath         --> github.com/gin-gonic/gin.(*RouterGroup).createStaticHandler.func1 (5 handlers)
[GIN-debug] HEAD   /static/*filepath         --> github.com/gin-gonic/gin.(*RouterGroup).createStaticHandler.func1 (5 handlers)
[GIN-debug] GET    /ping                     --> gin-onter/router.InitRouter.func1 (5 handlers)
[GIN-debug] POST   /api/lottery/Addlottery   --> gin-onter/api/lottery.Addlottery (5 handlers)
[GIN-debug] POST   /api/lottery/Editlottery  --> gin-onter/api/lottery.Editlottery (5 handlers)
[GIN-debug] POST   /api/lottery/Getlottery   --> gin-onter/api/lottery.Getlottery (5 handlers)
[GIN-debug] POST   /api/lottery/Dellottery   --> gin-onter/api/lottery.Dellottery (5 handlers)
[INFO]: 2023/09/08 14:39:27 POST /api/lottery/Dellottery ({"code":200,"success":true,"data":{},"msg":"OK"})
[INFO]: 2023/09/08 14:39:35 POST /api/lottery/Dellottery ({"code":200,"success":true,"data":null,"msg":"OK"})
[INFO]: 2023/09/08 14:39:44 POST /api/lottery/Addlottery ({"code":200,"success":true,"data":{"id":54,"userid":101,"username":"admin","status":0,"whatprize":"","label":"test"},"msg":"OK"})
[GIN-debug] GET    /static/*filepath         --> github.com/gin-gonic/gin.(*RouterGroup).createStaticHandler.func1 (5 handlers)
[GIN-debug] HEAD   /static/*filepath         --> github.com/gin-gonic/gin.(*RouterGroup).createStaticHandler.func1 (5 handlers)
[GIN-debug] GET    /ping                     --> gin-onter/router.InitRouter.func1 (5 handlers)
[GIN-debug] POST   /api/lottery/Addlottery   --> gin-onter/api/lottery.Addlottery (5 handlers)
[GIN-debug] POST   /api/lottery/Editlottery  --> gin-onter/api/lottery.Editlottery (5 handlers)
[GIN-debug] POST   /api/lottery/Getlottery   --> gin-onter/api/lottery.Getlottery (5 handlers)
[GIN-debug] POST   /api/lottery/Dellottery   --> gin-onter/api/lottery.Dellottery (5 handlers)
[INFO]: 2023/09/08 14:41:41 POST /api/lottery/Addlottery ({"code":500,"success":false,"data":"userid重复，请重新生成","msg":"FAIL"})
[INFO]: 2023/09/08 14:41:43 POST /api/lottery/Dellottery ({"code":200,"success":true,"data":200,"msg":"OK"})
[INFO]: 2023/09/08 15:10:23 POST /api/lottery/Addlottery ({"code":200,"success":true,"data":{"id":55,"userid":101,"username":"admin","status":0,"whatprize":"","label":"test"},"msg":"OK"})
[INFO]: 2023/09/08 15:10:27 POST /api/lottery/Addlottery ({"code":200,"success":true,"data":{"id":56,"userid":102,"username":"admin","status":0,"whatprize":"","label":"test"},"msg":"OK"})
[INFO]: 2023/09/08 15:16:54 POST /api/lottery/Getlottery ({"code":200,"success":true,"data":[{"id":1,"userid":1001,"username":"admin1","status":0,"whatprize":"","label":"test"},{"id":55,"userid":101,"username":"admin","status":0,"whatprize":"","label":"test"},{"id":56,"userid":102,"username":"admin","status":0,"whatprize":"","label":"test"}],"msg":"OK"})
[GIN-debug] GET    /static/*filepath         --> github.com/gin-gonic/gin.(*RouterGroup).createStaticHandler.func1 (5 handlers)
[GIN-debug] HEAD   /static/*filepath         --> github.com/gin-gonic/gin.(*RouterGroup).createStaticHandler.func1 (5 handlers)
[GIN-debug] GET    /ping                     --> gin-onter/router.InitRouter.func1 (5 handlers)
[GIN-debug] POST   /api/lottery/Addlottery   --> gin-onter/api/lottery.Addlottery (5 handlers)
[GIN-debug] POST   /api/lottery/Editlottery  --> gin-onter/api/lottery.Editlottery (5 handlers)
[GIN-debug] POST   /api/lottery/Getlottery   --> gin-onter/api/lottery.Getlottery (5 handlers)
[GIN-debug] POST   /api/lottery/Dellottery   --> gin-onter/api/lottery.Dellottery (5 handlers)
[GIN-debug] POST   /api/lottery/Lotterymain  --> gin-onter/api/lottery.Lotterymain (5 handlers)
[GIN-debug] GET    /static/*filepath         --> github.com/gin-gonic/gin.(*RouterGroup).createStaticHandler.func1 (5 handlers)
[GIN-debug] HEAD   /static/*filepath         --> github.com/gin-gonic/gin.(*RouterGroup).createStaticHandler.func1 (5 handlers)
[GIN-debug] GET    /ping                     --> gin-onter/router.InitRouter.func1 (5 handlers)
[GIN-debug] POST   /api/lottery/Addlottery   --> gin-onter/api/lottery.Addlottery (5 handlers)
[GIN-debug] POST   /api/lottery/Editlottery  --> gin-onter/api/lottery.Editlottery (5 handlers)
[GIN-debug] POST   /api/lottery/Getlottery   --> gin-onter/api/lottery.Getlottery (5 handlers)
[GIN-debug] POST   /api/lottery/Dellottery   --> gin-onter/api/lottery.Dellottery (5 handlers)
[GIN-debug] POST   /api/lottery/Lotterymain  --> gin-onter/api/lottery.Lotterymain (5 handlers)
[INFO]: 2023/09/08 15:36:10 POST /api/lottery/Lotterymain ({"code":200,"success":true,"data":[{"id":1,"userid":1001,"username":"admin1","status":1,"whatprize":"六等奖","label":"test"},{"id":56,"userid":102,"username":"admin","status":1,"whatprize":"六等奖","label":"test"}],"msg":"OK"})
[INFO]: 2023/09/08 15:47:58 POST /api/lottery/Addlottery ({"code":200,"success":true,"data":{"id":57,"userid":1021,"username":"admin","status":0,"whatprize":"","label":"test"},"msg":"OK"})
[INFO]: 2023/09/08 15:48:03 POST /api/lottery/Addlottery ({"code":200,"success":true,"data":{"id":58,"userid":1022,"username":"admin","status":0,"whatprize":"","label":"test"},"msg":"OK"})
[INFO]: 2023/09/08 15:48:06 POST /api/lottery/Addlottery ({"code":200,"success":true,"data":{"id":59,"userid":1023,"username":"admin","status":0,"whatprize":"","label":"test"},"msg":"OK"})
[INFO]: 2023/09/08 15:48:10 POST /api/lottery/Lotterymain ({"code":200,"success":true,"data":[{"id":59,"userid":1023,"username":"admin","status":1,"whatprize":"六等奖","label":"test"},{"id":1,"userid":1001,"username":"admin1","status":1,"whatprize":"六等奖","label":"test"}],"msg":"OK"})
[INFO]: 2023/09/08 15:48:28 POST /api/lottery/Lotterymain ({"code":200,"success":true,"data":[{"id":55,"userid":101,"username":"admin","status":1,"whatprize":"六等奖","label":"test"},{"id":57,"userid":1021,"username":"admin","status":1,"whatprize":"六等奖","label":"test"}],"msg":"OK"})
[GIN-debug] GET    /static/*filepath         --> github.com/gin-gonic/gin.(*RouterGroup).createStaticHandler.func1 (5 handlers)
[GIN-debug] HEAD   /static/*filepath         --> github.com/gin-gonic/gin.(*RouterGroup).createStaticHandler.func1 (5 handlers)
[GIN-debug] GET    /ping                     --> gin-onter/router.InitRouter.func1 (5 handlers)
[GIN-debug] POST   /api/lottery/Addlottery   --> gin-onter/api/lottery.Addlottery (5 handlers)
[GIN-debug] POST   /api/lottery/Editlottery  --> gin-onter/api/lottery.Editlottery (5 handlers)
[GIN-debug] POST   /api/lottery/Getlottery   --> gin-onter/api/lottery.Getlottery (5 handlers)
[GIN-debug] POST   /api/lottery/Dellottery   --> gin-onter/api/lottery.Dellottery (5 handlers)
[GIN-debug] POST   /api/lottery/Lotterymain  --> gin-onter/api/lottery.Lotterymain (5 handlers)
[GIN-debug] POST   /api/lottery/Addprize     --> gin-onter/api/lottery.Addprize (5 handlers)
[GIN-debug] POST   /api/lottery/EditPrize    --> gin-onter/api/lottery.EditPrize (5 handlers)
[GIN-debug] POST   /api/lottery/GetPrize     --> gin-onter/api/lottery.GetPrize (5 handlers)
[GIN-debug] POST   /api/lottery/DelPrize     --> gin-onter/api/lottery.DelPrize (5 handlers)
[GIN-debug] GET    /static/*filepath         --> github.com/gin-gonic/gin.(*RouterGroup).createStaticHandler.func1 (5 handlers)
[GIN-debug] HEAD   /static/*filepath         --> github.com/gin-gonic/gin.(*RouterGroup).createStaticHandler.func1 (5 handlers)
[GIN-debug] GET    /ping                     --> gin-onter/router.InitRouter.func1 (5 handlers)
[GIN-debug] POST   /api/lottery/Addlottery   --> gin-onter/api/lottery.Addlottery (5 handlers)
[GIN-debug] POST   /api/lottery/Editlottery  --> gin-onter/api/lottery.Editlottery (5 handlers)
[GIN-debug] POST   /api/lottery/Getlottery   --> gin-onter/api/lottery.Getlottery (5 handlers)
[GIN-debug] POST   /api/lottery/Dellottery   --> gin-onter/api/lottery.Dellottery (5 handlers)
[GIN-debug] POST   /api/lottery/Lotterymain  --> gin-onter/api/lottery.Lotterymain (5 handlers)
[GIN-debug] POST   /api/lottery/Addprize     --> gin-onter/api/lottery.Addprize (5 handlers)
[GIN-debug] POST   /api/lottery/EditPrize    --> gin-onter/api/lottery.EditPrize (5 handlers)
[GIN-debug] POST   /api/lottery/GetPrize     --> gin-onter/api/lottery.GetPrize (5 handlers)
[GIN-debug] POST   /api/lottery/DelPrize     --> gin-onter/api/lottery.DelPrize (5 handlers)
[INFO]: 2023/09/08 16:11:38 POST /api/lottery/Addprize ({"code":200,"success":true,"data":{"id":1,"prizename":"ceshi","whatprize":"六等奖","number":5,"Lotteries":null,"label":""},"msg":"OK"})
[INFO]: 2023/09/08 16:12:15 POST /api/lottery/Getprize ()
[INFO]: 2023/09/08 16:12:32 POST /api/lottery/GetPrize ({"code":500,"success":false,"data":"can't preload field Lotteries for models_lottery.Prize","msg":"FAIL"})
[INFO]: 2023/09/08 16:15:32 POST /api/lottery/GetPrize ({"code":500,"success":false,"data":"can't preload field Lotteries for models_lottery.Prize","msg":"FAIL"})
[GIN-debug] GET    /static/*filepath         --> github.com/gin-gonic/gin.(*RouterGroup).createStaticHandler.func1 (5 handlers)
[GIN-debug] HEAD   /static/*filepath         --> github.com/gin-gonic/gin.(*RouterGroup).createStaticHandler.func1 (5 handlers)
[GIN-debug] GET    /ping                     --> gin-onter/router.InitRouter.func1 (5 handlers)
[GIN-debug] POST   /api/lottery/Addlottery   --> gin-onter/api/lottery.Addlottery (5 handlers)
[GIN-debug] POST   /api/lottery/Editlottery  --> gin-onter/api/lottery.Editlottery (5 handlers)
[GIN-debug] POST   /api/lottery/Getlottery   --> gin-onter/api/lottery.Getlottery (5 handlers)
[GIN-debug] POST   /api/lottery/Dellottery   --> gin-onter/api/lottery.Dellottery (5 handlers)
[GIN-debug] POST   /api/lottery/Lotterymain  --> gin-onter/api/lottery.Lotterymain (5 handlers)
[GIN-debug] POST   /api/lottery/Addprize     --> gin-onter/api/lottery.Addprize (5 handlers)
[GIN-debug] POST   /api/lottery/EditPrize    --> gin-onter/api/lottery.EditPrize (5 handlers)
[GIN-debug] POST   /api/lottery/GetPrize     --> gin-onter/api/lottery.GetPrize (5 handlers)
[GIN-debug] POST   /api/lottery/DelPrize     --> gin-onter/api/lottery.DelPrize (5 handlers)
[INFO]: 2023/09/08 16:18:04 POST /api/lottery/GetPrize ({"code":500,"success":false,"data":"can't preload field Lotteries for models_lottery.Prize","msg":"FAIL"})
[INFO]: 2023/09/08 16:18:08 POST /api/lottery/GetPrize ({"code":500,"success":false,"data":"can't preload field Lotteries for models_lottery.Prize","msg":"FAIL"})
[GIN-debug] GET    /static/*filepath         --> github.com/gin-gonic/gin.(*RouterGroup).createStaticHandler.func1 (5 handlers)
[GIN-debug] HEAD   /static/*filepath         --> github.com/gin-gonic/gin.(*RouterGroup).createStaticHandler.func1 (5 handlers)
[GIN-debug] GET    /ping                     --> gin-onter/router.InitRouter.func1 (5 handlers)
[GIN-debug] POST   /api/lottery/Addlottery   --> gin-onter/api/lottery.Addlottery (5 handlers)
[GIN-debug] POST   /api/lottery/Editlottery  --> gin-onter/api/lottery.Editlottery (5 handlers)
[GIN-debug] POST   /api/lottery/Getlottery   --> gin-onter/api/lottery.Getlottery (5 handlers)
[GIN-debug] POST   /api/lottery/Dellottery   --> gin-onter/api/lottery.Dellottery (5 handlers)
[GIN-debug] POST   /api/lottery/Lotterymain  --> gin-onter/api/lottery.Lotterymain (5 handlers)
[GIN-debug] POST   /api/lottery/Addprize     --> gin-onter/api/lottery.Addprize (5 handlers)
[GIN-debug] POST   /api/lottery/EditPrize    --> gin-onter/api/lottery.EditPrize (5 handlers)
[GIN-debug] POST   /api/lottery/GetPrize     --> gin-onter/api/lottery.GetPrize (5 handlers)
[GIN-debug] POST   /api/lottery/DelPrize     --> gin-onter/api/lottery.DelPrize (5 handlers)
[INFO]: 2023/09/08 16:18:22 POST /api/lottery/GetPrize ({"code":500,"success":false,"data":"can't preload field Lotteries for models_lottery.Prize","msg":"FAIL"})
[GIN-debug] GET    /static/*filepath         --> github.com/gin-gonic/gin.(*RouterGroup).createStaticHandler.func1 (5 handlers)
[GIN-debug] HEAD   /static/*filepath         --> github.com/gin-gonic/gin.(*RouterGroup).createStaticHandler.func1 (5 handlers)
[GIN-debug] GET    /ping                     --> gin-onter/router.InitRouter.func1 (5 handlers)
[GIN-debug] POST   /api/lottery/Addlottery   --> gin-onter/api/lottery.Addlottery (5 handlers)
[GIN-debug] POST   /api/lottery/Editlottery  --> gin-onter/api/lottery.Editlottery (5 handlers)
[GIN-debug] POST   /api/lottery/Getlottery   --> gin-onter/api/lottery.Getlottery (5 handlers)
[GIN-debug] POST   /api/lottery/Dellottery   --> gin-onter/api/lottery.Dellottery (5 handlers)
[GIN-debug] POST   /api/lottery/Lotterymain  --> gin-onter/api/lottery.Lotterymain (5 handlers)
[GIN-debug] POST   /api/lottery/Addprize     --> gin-onter/api/lottery.Addprize (5 handlers)
[GIN-debug] POST   /api/lottery/EditPrize    --> gin-onter/api/lottery.EditPrize (5 handlers)
[GIN-debug] POST   /api/lottery/GetPrize     --> gin-onter/api/lottery.GetPrize (5 handlers)
[GIN-debug] POST   /api/lottery/DelPrize     --> gin-onter/api/lottery.DelPrize (5 handlers)
[INFO]: 2023/09/08 16:22:42 POST /api/lottery/GetPrize ({"code":500,"success":false,"data":"can't preload field Lotteries for models_lottery.Prize","msg":"FAIL"})
[INFO]: 2023/09/08 16:22:52 POST /api/lottery/GetPrize ({"code":500,"success":false,"data":"can't preload field Lotteries for models_lottery.Prize","msg":"FAIL"})
[GIN-debug] GET    /static/*filepath         --> github.com/gin-gonic/gin.(*RouterGroup).createStaticHandler.func1 (5 handlers)
[GIN-debug] HEAD   /static/*filepath         --> github.com/gin-gonic/gin.(*RouterGroup).createStaticHandler.func1 (5 handlers)
[GIN-debug] GET    /ping                     --> gin-onter/router.InitRouter.func1 (5 handlers)
[GIN-debug] POST   /api/lottery/Addlottery   --> gin-onter/api/lottery.Addlottery (5 handlers)
[GIN-debug] POST   /api/lottery/Editlottery  --> gin-onter/api/lottery.Editlottery (5 handlers)
[GIN-debug] POST   /api/lottery/Getlottery   --> gin-onter/api/lottery.Getlottery (5 handlers)
[GIN-debug] POST   /api/lottery/Dellottery   --> gin-onter/api/lottery.Dellottery (5 handlers)
[GIN-debug] POST   /api/lottery/Lotterymain  --> gin-onter/api/lottery.Lotterymain (5 handlers)
[GIN-debug] POST   /api/lottery/Addprize     --> gin-onter/api/lottery.Addprize (5 handlers)
[GIN-debug] POST   /api/lottery/EditPrize    --> gin-onter/api/lottery.EditPrize (5 handlers)
[GIN-debug] POST   /api/lottery/GetPrize     --> gin-onter/api/lottery.GetPrize (5 handlers)
[GIN-debug] POST   /api/lottery/DelPrize     --> gin-onter/api/lottery.DelPrize (5 handlers)
[INFO]: 2023/09/08 16:24:09 POST /api/lottery/GetPrize ({"code":500,"success":false,"data":"can't preload field Lotteries for models_lottery.Prize","msg":"FAIL"})
[GIN-debug] GET    /static/*filepath         --> github.com/gin-gonic/gin.(*RouterGroup).createStaticHandler.func1 (5 handlers)
[GIN-debug] HEAD   /static/*filepath         --> github.com/gin-gonic/gin.(*RouterGroup).createStaticHandler.func1 (5 handlers)
[GIN-debug] GET    /ping                     --> gin-onter/router.InitRouter.func1 (5 handlers)
[GIN-debug] POST   /api/lottery/Addlottery   --> gin-onter/api/lottery.Addlottery (5 handlers)
[GIN-debug] POST   /api/lottery/Editlottery  --> gin-onter/api/lottery.Editlottery (5 handlers)
[GIN-debug] POST   /api/lottery/Getlottery   --> gin-onter/api/lottery.Getlottery (5 handlers)
[GIN-debug] POST   /api/lottery/Dellottery   --> gin-onter/api/lottery.Dellottery (5 handlers)
[GIN-debug] POST   /api/lottery/Lotterymain  --> gin-onter/api/lottery.Lotterymain (5 handlers)
[GIN-debug] POST   /api/lottery/Addprize     --> gin-onter/api/lottery.Addprize (5 handlers)
[GIN-debug] POST   /api/lottery/EditPrize    --> gin-onter/api/lottery.EditPrize (5 handlers)
[GIN-debug] POST   /api/lottery/GetPrize     --> gin-onter/api/lottery.GetPrize (5 handlers)
[GIN-debug] POST   /api/lottery/DelPrize     --> gin-onter/api/lottery.DelPrize (5 handlers)
[INFO]: 2023/09/08 16:27:23 POST /api/lottery/GetPrize ({"code":200,"success":true,"data":[{"id":1,"prizename":"ceshi","whatprize":"六等奖","number":5,"lotteries":[],"label":""}],"msg":"OK"})
[INFO]: 2023/09/08 16:27:36 POST /api/lottery/GetPrize ({"code":200,"success":true,"data":[{"id":1,"prizename":"ceshi","whatprize":"六等奖","number":5,"lotteries":[],"label":""}],"msg":"OK"})
[INFO]: 2023/09/08 16:28:12 POST /api/lottery/Getlottery ({"code":200,"success":true,"data":[{"id":1,"userid":1001,"username":"admin1","status":1,"whatprize":"六等奖","label":"test"},{"id":55,"userid":101,"username":"admin","status":1,"whatprize":"六等奖","label":"test"},{"id":56,"userid":102,"username":"admin","status":0,"whatprize":"","label":"test"},{"id":57,"userid":1021,"username":"admin","status":1,"whatprize":"六等奖","label":"test"},{"id":58,"userid":1022,"username":"admin","status":0,"whatprize":"","label":"test"},{"id":59,"userid":1023,"username":"admin","status":1,"whatprize":"六等奖","label":"test"}],"msg":"OK"})
[GIN-debug] GET    /static/*filepath         --> github.com/gin-gonic/gin.(*RouterGroup).createStaticHandler.func1 (5 handlers)
[GIN-debug] HEAD   /static/*filepath         --> github.com/gin-gonic/gin.(*RouterGroup).createStaticHandler.func1 (5 handlers)
[GIN-debug] GET    /ping                     --> gin-onter/router.InitRouter.func1 (5 handlers)
[GIN-debug] POST   /api/lottery/Addlottery   --> gin-onter/api/lottery.Addlottery (5 handlers)
[GIN-debug] POST   /api/lottery/Editlottery  --> gin-onter/api/lottery.Editlottery (5 handlers)
[GIN-debug] POST   /api/lottery/Getlottery   --> gin-onter/api/lottery.Getlottery (5 handlers)
[GIN-debug] POST   /api/lottery/Dellottery   --> gin-onter/api/lottery.Dellottery (5 handlers)
[GIN-debug] POST   /api/lottery/Lotterymain  --> gin-onter/api/lottery.Lotterymain (5 handlers)
[GIN-debug] POST   /api/lottery/Addprize     --> gin-onter/api/lottery.Addprize (5 handlers)
[GIN-debug] POST   /api/lottery/EditPrize    --> gin-onter/api/lottery.EditPrize (5 handlers)
[GIN-debug] POST   /api/lottery/GetPrize     --> gin-onter/api/lottery.GetPrize (5 handlers)
[GIN-debug] POST   /api/lottery/DelPrize     --> gin-onter/api/lottery.DelPrize (5 handlers)
[GIN-debug] GET    /static/*filepath         --> github.com/gin-gonic/gin.(*RouterGroup).createStaticHandler.func1 (5 handlers)
[GIN-debug] HEAD   /static/*filepath         --> github.com/gin-gonic/gin.(*RouterGroup).createStaticHandler.func1 (5 handlers)
[GIN-debug] GET    /ping                     --> gin-onter/router.InitRouter.func1 (5 handlers)
[GIN-debug] POST   /api/lottery/Addlottery   --> gin-onter/api/lottery.Addlottery (5 handlers)
[GIN-debug] POST   /api/lottery/Editlottery  --> gin-onter/api/lottery.Editlottery (5 handlers)
[GIN-debug] POST   /api/lottery/Getlottery   --> gin-onter/api/lottery.Getlottery (5 handlers)
[GIN-debug] POST   /api/lottery/Dellottery   --> gin-onter/api/lottery.Dellottery (5 handlers)
[GIN-debug] POST   /api/lottery/Lotterymain  --> gin-onter/api/lottery.Lotterymain (5 handlers)
[GIN-debug] POST   /api/lottery/Addprize     --> gin-onter/api/lottery.Addprize (5 handlers)
[GIN-debug] POST   /api/lottery/EditPrize    --> gin-onter/api/lottery.EditPrize (5 handlers)
[GIN-debug] POST   /api/lottery/GetPrize     --> gin-onter/api/lottery.GetPrize (5 handlers)
[GIN-debug] POST   /api/lottery/DelPrize     --> gin-onter/api/lottery.DelPrize (5 handlers)
[INFO]: 2023/09/08 16:33:00 POST /api/lottery/GetPrize ({"code":200,"success":true,"data":[],"msg":"OK"})
[INFO]: 2023/09/08 16:33:28 POST /api/lottery/Lotterymain ({"code":200,"success":true,"data":[{"id":56,"userid":102,"username":"admin","status":1,"whatprize":"六等奖","label":"test"},{"id":58,"userid":1022,"username":"admin","status":1,"whatprize":"六等奖","label":"test"}],"msg":"OK"})
[INFO]: 2023/09/08 16:33:34 POST /api/lottery/Addprize ({"code":200,"success":true,"data":{"id":1,"prizename":"ceshi","whatprize":"六等奖","Whatprizes":null,"number":5,"label":""},"msg":"OK"})
[INFO]: 2023/09/08 16:33:47 POST /api/lottery/GetPrize ({"code":200,"success":true,"data":[{"id":1,"prizename":"ceshi","whatprize":"六等奖","Whatprizes":[{"id":1,"userid":1001,"username":"admin1","status":1,"whatprize":"六等奖","label":"test"},{"id":55,"userid":101,"username":"admin","status":1,"whatprize":"六等奖","label":"test"},{"id":56,"userid":102,"username":"admin","status":1,"whatprize":"六等奖","label":"test"},{"id":57,"userid":1021,"username":"admin","status":1,"whatprize":"六等奖","label":"test"},{"id":58,"userid":1022,"username":"admin","status":1,"whatprize":"六等奖","label":"test"},{"id":59,"userid":1023,"username":"admin","status":1,"whatprize":"六等奖","label":"test"}],"number":5,"label":""}],"msg":"OK"})
[INFO]: 2023/09/08 16:34:37 POST /api/lottery/Lotterymain ({"code":200,"success":true,"data":[{"id":59,"userid":1023,"username":"admin","status":1,"whatprize":"六等奖","label":"test"},{"id":1,"userid":1001,"username":"admin1","status":1,"whatprize":"六等奖","label":"test"}],"msg":"OK"})
[INFO]: 2023/09/08 16:34:52 POST /api/lottery/GetPrize ({"code":200,"success":true,"data":[{"id":1,"prizename":"ceshi","whatprize":"六等奖","Whatprizes":[{"id":1,"userid":1001,"username":"admin1","status":1,"whatprize":"六等奖","label":"test"},{"id":59,"userid":1023,"username":"admin","status":1,"whatprize":"六等奖","label":"test"}],"number":5,"label":""}],"msg":"OK"})
[INFO]: 2023/09/08 16:45:31 POST /api/lottery/Getlottery ({"code":200,"success":true,"data":[{"id":1,"userid":1001,"username":"admin1","status":1,"whatprize":"六等奖","label":"test"},{"id":55,"userid":101,"username":"admin","status":0,"whatprize":"","label":"test"},{"id":56,"userid":102,"username":"admin","status":0,"whatprize":"","label":"test"},{"id":57,"userid":1021,"username":"admin","status":0,"whatprize":"","label":"test"},{"id":58,"userid":1022,"username":"admin","status":0,"whatprize":"","label":"test"},{"id":59,"userid":1023,"username":"admin","status":1,"whatprize":"六等奖","label":"test"}],"msg":"OK"})
[INFO]: 2023/09/08 16:46:06 POST /api/lottery/Getlottery ({"code":200,"success":true,"data":[{"id":1,"userid":1001,"username":"admin1","status":1,"whatprize":"六等奖","label":"test"},{"id":55,"userid":101,"username":"admin","status":0,"whatprize":"","label":"test"},{"id":56,"userid":102,"username":"admin","status":0,"whatprize":"","label":"test"},{"id":57,"userid":1021,"username":"admin","status":0,"whatprize":"","label":"test"},{"id":58,"userid":1022,"username":"admin","status":0,"whatprize":"","label":"test"},{"id":59,"userid":1023,"username":"admin","status":1,"whatprize":"六等奖","label":"test"}],"msg":"OK"})
[INFO]: 2023/09/08 16:46:23 POST /api/lottery/GetPrize ({"code":200,"success":true,"data":[{"id":1,"prizename":"ceshi","whatprize":"六等奖","Whatprizes":[{"id":1,"userid":1001,"username":"admin1","status":1,"whatprize":"六等奖","label":"test"},{"id":59,"userid":1023,"username":"admin","status":1,"whatprize":"六等奖","label":"test"}],"number":5,"label":""}],"msg":"OK"})
[INFO]: 2023/09/08 16:49:02 POST /api/lottery/Addlottery ({"code":200,"success":true,"data":{"id":60,"userid":99,"username":"123","status":0,"whatprize":"","label":""},"msg":"OK"})
[INFO]: 2023/09/08 16:50:08 POST /api/lottery/Editlottery ({"code":200,"success":true,"data":{"id":0,"userid":0,"username":"1123","status":0,"whatprize":"","label":""},"msg":"OK"})
[INFO]: 2023/09/08 16:50:59 POST /api/lottery/Dellottery ({"code":200,"success":true,"data":200,"msg":"OK"})
[INFO]: 2023/09/08 16:51:20 POST /api/lottery/Dellottery ({"code":200,"success":true,"data":400,"msg":"OK"})
[INFO]: 2023/09/08 16:51:34 POST /api/lottery/Dellottery ({"code":200,"success":true,"data":200,"msg":"OK"})
[INFO]: 2023/09/08 16:53:13 POST /api/lottery/Addprize ({"code":200,"success":true,"data":{"id":2,"prizename":"ceshi1","whatprize":"五等奖","Whatprizes":null,"number":5,"label":""},"msg":"OK"})
[INFO]: 2023/09/08 16:53:35 POST /api/lottery/DelPrize ({"code":200,"success":true,"data":500,"msg":"OK"})
[INFO]: 2023/09/08 16:54:26 POST /api/lottery/EditPrize ({"code":200,"success":true,"data":{"id":0,"prizename":"","whatprize":"五等奖","Whatprizes":null,"number":10,"label":""},"msg":"OK"})
[INFO]: 2023/09/08 16:54:54 POST /api/lottery/EditPrize ({"code":200,"success":true,"data":{"id":0,"prizename":"","whatprize":"五等奖","Whatprizes":null,"number":8,"label":""},"msg":"OK"})
[INFO]: 2023/09/08 17:00:21 POST /api/lottery/Lotterymain ({"code":200,"success":true,"data":[{"id":58,"userid":1022,"username":"admin","status":1,"whatprize":"六等奖","label":"test"},{"id":57,"userid":1021,"username":"admin","status":1,"whatprize":"六等奖","label":"test"}],"msg":"OK"})
